25/02/02 04:30:51 INFO SparkSubmit: Using Scala version 2.12.15, OpenJDK 64-Bit Server VM, 1.8.0_412
25/02/02 04:30:53 INFO SparkSubmit: Branch {branch}
25/02/02 04:30:53 INFO SparkSubmit: Compiled by user Databricks on <unknown>
25/02/02 04:30:53 INFO SparkSubmit: Revision 0000000000000000000000000000000000000000
25/02/02 04:30:53 INFO SparkSubmit: Url https://git-wip-us.apache.org/repos/asf/spark.git
25/02/02 04:30:53 INFO SparkSubmit: Type --help for more information.
25/02/02 04:30:59 INFO SparkSubmit: Using Scala version 2.12.15, OpenJDK 64-Bit Server VM, 1.8.0_412
25/02/02 04:31:00 INFO SparkSubmit: Branch {branch}
25/02/02 04:31:00 INFO SparkSubmit: Compiled by user Databricks on <unknown>
25/02/02 04:31:00 INFO SparkSubmit: Revision 0000000000000000000000000000000000000000
25/02/02 04:31:00 INFO SparkSubmit: Url https://git-wip-us.apache.org/repos/asf/spark.git
25/02/02 04:31:00 INFO SparkSubmit: Type --help for more information.
25/02/02 04:31:06 INFO SparkSubmit: Using Scala version 2.12.15, OpenJDK 64-Bit Server VM, 1.8.0_412
25/02/02 04:31:08 INFO SparkSubmit: Branch {branch}
25/02/02 04:31:08 INFO SparkSubmit: Compiled by user Databricks on <unknown>
25/02/02 04:31:08 INFO SparkSubmit: Revision 0000000000000000000000000000000000000000
25/02/02 04:31:08 INFO SparkSubmit: Url https://git-wip-us.apache.org/repos/asf/spark.git
25/02/02 04:31:08 INFO SparkSubmit: Type --help for more information.
25/02/02 04:31:30 INFO SparkSubmit: Using Scala version 2.12.15, OpenJDK 64-Bit Server VM, 1.8.0_412
25/02/02 04:31:31 INFO SparkSubmit: Branch {branch}
25/02/02 04:31:31 INFO SparkSubmit: Compiled by user Databricks on <unknown>
25/02/02 04:31:31 INFO SparkSubmit: Revision 0000000000000000000000000000000000000000
25/02/02 04:31:31 INFO SparkSubmit: Url https://git-wip-us.apache.org/repos/asf/spark.git
25/02/02 04:31:31 INFO SparkSubmit: Type --help for more information.
25/02/02 04:31:55 INFO SparkSubmit: Using Scala version 2.12.15, OpenJDK 64-Bit Server VM, 1.8.0_412
25/02/02 04:31:56 INFO SparkSubmit: Branch {branch}
25/02/02 04:31:56 INFO SparkSubmit: Compiled by user Databricks on <unknown>
25/02/02 04:31:56 INFO SparkSubmit: Revision 0000000000000000000000000000000000000000
25/02/02 04:31:56 INFO SparkSubmit: Url https://git-wip-us.apache.org/repos/asf/spark.git
25/02/02 04:31:56 INFO SparkSubmit: Type --help for more information.
25/02/02 04:32:01 INFO SparkSubmit: Using Scala version 2.12.15, OpenJDK 64-Bit Server VM, 1.8.0_412
25/02/02 04:32:03 INFO SparkSubmit: Branch {branch}
25/02/02 04:32:03 INFO SparkSubmit: Compiled by user Databricks on <unknown>
25/02/02 04:32:03 INFO SparkSubmit: Revision 0000000000000000000000000000000000000000
25/02/02 04:32:03 INFO SparkSubmit: Url https://git-wip-us.apache.org/repos/asf/spark.git
25/02/02 04:32:03 INFO SparkSubmit: Type --help for more information.
25/02/02 04:32:08 INFO SparkSubmit: Using Scala version 2.12.15, OpenJDK 64-Bit Server VM, 1.8.0_412
25/02/02 04:32:10 INFO SparkSubmit: Branch {branch}
25/02/02 04:32:10 INFO SparkSubmit: Compiled by user Databricks on <unknown>
25/02/02 04:32:10 INFO SparkSubmit: Revision 0000000000000000000000000000000000000000
25/02/02 04:32:10 INFO SparkSubmit: Url https://git-wip-us.apache.org/repos/asf/spark.git
25/02/02 04:32:10 INFO SparkSubmit: Type --help for more information.
